<?xml version="1.0" encoding="UTF-8"?>
<coverage generated="1535381998271" clover="3.2.0">
  <project timestamp="1535381998272" name="All files">
    <metrics statements="6" coveredstatements="5" conditionals="0" coveredconditionals="0" methods="2" coveredmethods="1" elements="8" coveredelements="6" complexity="0" loc="6" ncloc="6" packages="2" files="2" classes="2">
      <package name="meu-consagrado">
        <metrics statements="1" coveredstatements="1" conditionals="0" coveredconditionals="0" methods="0" coveredmethods="0"/>
        <file name="setupTests.js" path="/Users/vitor.paes/Development/sandbox/meu-consagrado/setupTests.js">
          <metrics statements="1" coveredstatements="1" conditionals="0" coveredconditionals="0" methods="0" coveredmethods="0"/>
          <line num="5" count="1" type="stmt"/>
        </file>
      </package>
      <package name="meu-consagrado.src.modules.Base.components.Base">
        <metrics statements="5" coveredstatements="4" conditionals="0" coveredconditionals="0" methods="2" coveredmethods="1"/>
        <file name="Base.js" path="/Users/vitor.paes/Development/sandbox/meu-consagrado/src/modules/Base/components/Base/Base.js">
          <metrics statements="5" coveredstatements="4" conditionals="0" coveredconditionals="0" methods="2" coveredmethods="1"/>
          <line num="5" count="1" type="stmt"/>
          <line num="15" count="1" type="stmt"/>
          <line num="24" count="1" type="stmt"/>
          <line num="29" count="1" type="stmt"/>
          <line num="34" count="0" type="stmt"/>
        </file>
      </package>
    </metrics>
  </project>
</coverage>
