{"/Users/vitor.paes/Development/sandbox/meu-consagrado/setupTests.js": {"path":"/Users/vitor.paes/Development/sandbox/meu-consagrado/setupTests.js","statementMap":{"0":{"start":{"line":5,"column":0},"end":{"line":5,"column":38}}},"fnMap":{},"branchMap":{},"s":{"0":1},"f":{},"b":{},"_coverageSchema":"332fd63041d2c1bcb487cc26dd0d5f7d97098a6c","hash":"4a546c310b7fa855735b5caf2638557e4c53e654"}
,"/Users/vitor.paes/Development/sandbox/meu-consagrado/src/modules/Base/components/Base/Base.js": {"path":"/Users/vitor.paes/Development/sandbox/meu-consagrado/src/modules/Base/components/Base/Base.js","statementMap":{"0":{"start":{"line":5,"column":14},"end":{"line":11,"column":1}},"1":{"start":{"line":15,"column":8},"end":{"line":20,"column":10}},"2":{"start":{"line":24,"column":0},"end":{"line":27,"column":2}},"3":{"start":{"line":29,"column":0},"end":{"line":36,"column":2}},"4":{"start":{"line":34,"column":8},"end":{"line":34,"column":77}}},"fnMap":{"0":{"name":"(anonymous_0)","decl":{"start":{"line":14,"column":4},"end":{"line":14,"column":5}},"loc":{"start":{"line":14,"column":13},"end":{"line":21,"column":5}},"line":14},"1":{"name":"(anonymous_1)","decl":{"start":{"line":33,"column":25},"end":{"line":33,"column":26}},"loc":{"start":{"line":33,"column":31},"end":{"line":35,"column":5}},"line":33}},"branchMap":{},"s":{"0":1,"1":1,"2":1,"3":1,"4":0},"f":{"0":1,"1":0},"b":{},"_coverageSchema":"332fd63041d2c1bcb487cc26dd0d5f7d97098a6c","hash":"968bf859ed7fc7bcc277e0cc10544ac948ea14a7"}
}
